No entry in allocaInfo for Ptr: i32* %arr
No entry in allocaInfo for Ptr:   %arrayidx = getelementptr i32, i32* %arr, i32 %i.09, !dbg !45
No entry in allocaInfo for Ptr:   %1 = bitcast [5 x i32]* %localArray to i8*, !dbg !32
No entry in allocaInfo for Ptr:   %2 = getelementptr i8, i8* %1, i32 20, !dbg !33
No entry in allocaInfo for Ptr:   %arrayidx1 = getelementptr inbounds [5 x i32], [5 x i32]* %localArray, i32 0, i32 0, !dbg !36
No entry in allocaInfo for Ptr:   %1 = bitcast [5 x i32]* %localArray to i8*, !dbg !32
No entry in allocaInfo for Ptr:   %arrayidx = getelementptr [5 x i32], [5 x i32]* %localArray, i32 0, i32 %i.06, !dbg !46
No entry in allocaInfo for Ptr:   %1 = bitcast [5 x i32]* %arr to i8*, !dbg !30
No entry in allocaInfo for Ptr:   %2 = getelementptr i8, i8* %1, i32 20, !dbg !31
No entry in allocaInfo for Ptr:   %arrayidx.i = getelementptr [5 x i32], [5 x i32]* %arr, i32 0, i32 %i.09.i, !dbg !48
No entry in allocaInfo for Ptr:   %arraydecay = getelementptr inbounds [5 x i32], [5 x i32]* %arr, i32 0, i32 0, !dbg !60
No entry in allocaInfo for Ptr:   %1 = bitcast [5 x i32]* %arr to i8*, !dbg !30
No entry in allocaInfo for Ptr:   %next = getelementptr inbounds %struct.cond_t, %struct.cond_t* %cond, i32 0, i32 0, i32 0, !dbg !197
No entry in allocaInfo for Ptr: %struct.mutex_t* %mutex
No entry in allocaInfo for Ptr:   %5 = load %struct._thread*, %struct._thread** @sched_active_thread, align 4, !dbg !231, !tbaa !236
No entry in allocaInfo for Ptr:   %queue = getelementptr inbounds %struct.cond_t, %struct.cond_t* %cond, i32 0, i32 0, !dbg !242
No entry in allocaInfo for Ptr:   %5 = load %struct._thread*, %struct._thread** @sched_active_thread, align 4, !dbg !231, !tbaa !236
No entry in allocaInfo for Ptr: %struct.mutex_t* %mutex
No entry in allocaInfo for Ptr: %struct.cond_t* %cond
No entry in allocaInfo for Ptr:   %next.i = getelementptr inbounds %struct.cond_t, %struct.cond_t* %cond, i32 0, i32 0, i32 0
No entry in allocaInfo for Ptr:   %next1.i = getelementptr inbounds %struct.list_node, %struct.list_node* %4, i32 0, i32 0, !dbg !249
No entry in allocaInfo for Ptr:   %8 = load %struct.list_node*, %struct.list_node** %next1.i, align 4, !dbg !249, !tbaa !241
No entry in allocaInfo for Ptr:   %next.i = getelementptr inbounds %struct.cond_t, %struct.cond_t* %cond, i32 0, i32 0, i32 0
No entry in allocaInfo for Ptr:   %4 = load %struct.list_node*, %struct.list_node** %next.i, align 4, !dbg !240, !tbaa !241
No entry in allocaInfo for Ptr:   %15 = inttoptr i32 %sub to %struct._thread*, !dbg !252
No entry in allocaInfo for Ptr:   %priority = getelementptr inbounds %struct._thread, %struct._thread* %15, i32 0, i32 2, !dbg !255
No entry in allocaInfo for Ptr: %struct.cond_t* %cond
No entry in allocaInfo for Ptr:   %sender_pid.i = getelementptr inbounds %struct.msg_t, %struct.msg_t* %m, i32 0, i32 0, !dbg !250
No entry in allocaInfo for Ptr: %struct.msg_t* %m
No entry in allocaInfo for Ptr: %struct.msg_t* %m
No entry in allocaInfo for Ptr: %struct.msg_t* %m
No entry in allocaInfo for Ptr:   %sender_pid = getelementptr inbounds %struct.msg_t, %struct.msg_t* %m, i32 0, i32 0, !dbg !222
No entry in allocaInfo for Ptr: %struct.msg_t* %m
No entry in allocaInfo for Ptr:   %sender_pid = getelementptr inbounds %struct.msg_t, %struct.msg_t* %m, i32 0, i32 0, !dbg !256
No entry in allocaInfo for Ptr:   %write_count.i.i.i = getelementptr inbounds %struct._thread, %struct._thread* %5, i32 0, i32 7, i32 1, !dbg !298
No entry in allocaInfo for Ptr:   %read_count.i.i.i = getelementptr inbounds %struct._thread, %struct._thread* %5, i32 0, i32 7, i32 0, !dbg !305
No entry in allocaInfo for Ptr:   %mask.i.i = getelementptr inbounds %struct._thread, %struct._thread* %5, i32 0, i32 7, i32 2, !dbg !308
No entry in allocaInfo for Ptr:   %write_count.i.i.i = getelementptr inbounds %struct._thread, %struct._thread* %5, i32 0, i32 7, i32 1, !dbg !298
No entry in allocaInfo for Ptr:   %msg_array.i = getelementptr inbounds %struct._thread, %struct._thread* %5, i32 0, i32 8, !dbg !319
No entry in allocaInfo for Ptr:   %19 = bitcast %struct.msg_t* %m to i64*, !dbg !324
No entry in allocaInfo for Ptr:   %20 = bitcast %struct.msg_t* %arrayidx.i to i64*, !dbg !324
No entry in allocaInfo for Ptr:   %sender_pid = getelementptr inbounds %struct.msg_t, %struct.msg_t* %m, i32 0, i32 0, !dbg !251
No entry in allocaInfo for Ptr:   %status = getelementptr inbounds %struct._thread, %struct._thread* %2, i32 0, i32 1, !dbg !283
No entry in allocaInfo for Ptr:   %write_count.i.i.i = getelementptr inbounds %struct._thread, %struct._thread* %2, i32 0, i32 7, i32 1, !dbg !323
No entry in allocaInfo for Ptr:   %read_count.i.i.i = getelementptr inbounds %struct._thread, %struct._thread* %2, i32 0, i32 7, i32 0, !dbg !328
No entry in allocaInfo for Ptr:   %mask.i.i = getelementptr inbounds %struct._thread, %struct._thread* %2, i32 0, i32 7, i32 2, !dbg !331
No entry in allocaInfo for Ptr:   %write_count.i.i.i = getelementptr inbounds %struct._thread, %struct._thread* %2, i32 0, i32 7, i32 1, !dbg !323
No entry in allocaInfo for Ptr:   %msg_array.i = getelementptr inbounds %struct._thread, %struct._thread* %2, i32 0, i32 8, !dbg !342
No entry in allocaInfo for Ptr:   %22 = bitcast %struct.msg_t* %m to i64*, !dbg !345
No entry in allocaInfo for Ptr:   %23 = bitcast %struct.msg_t* %arrayidx.i77 to i64*, !dbg !345
No entry in allocaInfo for Ptr:   %status23 = getelementptr inbounds %struct._thread, %struct._thread* %7, i32 0, i32 1, !dbg !352
No entry in allocaInfo for Ptr: %struct.msg_t* %m
No entry in allocaInfo for Ptr:   %28 = bitcast i8** %wait_data to %struct.msg_t**, !dbg !380
No entry in allocaInfo for Ptr:   %status39 = getelementptr inbounds %struct._thread, %struct._thread* %7, i32 0, i32 1, !dbg !382
No entry in allocaInfo for Ptr:   %7 = load %struct._thread*, %struct._thread** @sched_active_thread, align 4, !dbg !278, !tbaa !239
No entry in allocaInfo for Ptr:   %msg_waiters = getelementptr inbounds %struct._thread, %struct._thread* %2, i32 0, i32 6, !dbg !387
No entry in allocaInfo for Ptr:   %7 = load %struct._thread*, %struct._thread** @sched_active_thread, align 4, !dbg !278, !tbaa !239
No entry in allocaInfo for Ptr:   %35 = bitcast i8** %wait_data53 to i64**, !dbg !399
No entry in allocaInfo for Ptr:   %40 = bitcast %struct.msg_t* %m to i64*, !dbg !401
No entry in allocaInfo for Ptr:   %37 = load i64*, i64** %35, align 4, !dbg !399, !tbaa !381
No entry in allocaInfo for Ptr:   %2 = load %struct._thread*, %struct._thread** %arrayidx.i, align 4, !dbg !238, !tbaa !239
No entry in allocaInfo for Ptr:   %sender_pid.i = getelementptr inbounds %struct.msg_t, %struct.msg_t* %m, i32 0, i32 0, !dbg !250
No entry in allocaInfo for Ptr: %struct.msg_t* %m
No entry in allocaInfo for Ptr: %struct.msg_t* %m
No entry in allocaInfo for Ptr: %struct.msg_t* %m
No entry in allocaInfo for Ptr:   %status = getelementptr inbounds %struct._thread, %struct._thread* %2, i32 0, i32 1, !dbg !240
No entry in allocaInfo for Ptr:   %6 = bitcast i8** %wait_data to i64**, !dbg !249
No entry in allocaInfo for Ptr:   %11 = bitcast %struct.msg_t* %m to i64*, !dbg !252
No entry in allocaInfo for Ptr:   %8 = load i64*, i64** %6, align 4, !dbg !249, !tbaa !250
No entry in allocaInfo for Ptr:   %2 = load %struct._thread*, %struct._thread** %arrayidx.i, align 4, !dbg !232, !tbaa !233
No entry in allocaInfo for Ptr:   %write_count.i.i.i = getelementptr inbounds %struct._thread, %struct._thread* %2, i32 0, i32 7, i32 1, !dbg !288
No entry in allocaInfo for Ptr:   %read_count.i.i.i = getelementptr inbounds %struct._thread, %struct._thread* %2, i32 0, i32 7, i32 0, !dbg !293
No entry in allocaInfo for Ptr:   %mask.i.i = getelementptr inbounds %struct._thread, %struct._thread* %2, i32 0, i32 7, i32 2, !dbg !296
No entry in allocaInfo for Ptr:   %write_count.i.i.i = getelementptr inbounds %struct._thread, %struct._thread* %2, i32 0, i32 7, i32 1, !dbg !288
No entry in allocaInfo for Ptr:   %msg_array.i = getelementptr inbounds %struct._thread, %struct._thread* %2, i32 0, i32 8, !dbg !307
No entry in allocaInfo for Ptr:   %27 = bitcast %struct.msg_t* %m to i64*, !dbg !310
No entry in allocaInfo for Ptr:   %28 = bitcast %struct.msg_t* %arrayidx.i24 to i64*, !dbg !310
No entry in allocaInfo for Ptr:   %type = getelementptr inbounds %struct.msg_t, %struct.msg_t* %m, i32 0, i32 1, !dbg !258
No entry in allocaInfo for Ptr:   %sender_pid = getelementptr inbounds %struct.msg_t, %struct.msg_t* %m, i32 0, i32 0, !dbg !273
No entry in allocaInfo for Ptr:   %next = getelementptr inbounds %struct.msg_bus_t, %struct.msg_bus_t* %bus, i32 0, i32 0, i32 0, !dbg !296
No entry in allocaInfo for Ptr:   %16 = bitcast %struct.list_node* %event_mask7 to i32*, !dbg !325
No entry in allocaInfo for Ptr:   %19 = bitcast %struct.list_node* %pid to i16*, !dbg !332
No entry in allocaInfo for Ptr: %struct.msg_t* %m
No entry in allocaInfo for Ptr:   %next15 = getelementptr inbounds %struct.list_node, %struct.list_node* %e.040, i32 0, i32 0, !dbg !339
No entry in allocaInfo for Ptr:   %6 = load %struct._thread*, %struct._thread** @sched_active_thread, align 4, !dbg !259, !tbaa !264
No entry in allocaInfo for Ptr: %struct.msg_t* %reply
No entry in allocaInfo for Ptr:   %10 = bitcast i8** %wait_data to %struct.msg_t**, !dbg !268
No entry in allocaInfo for Ptr:   %13 = bitcast %struct.msg_t* %m to i64*, !dbg !274
No entry in allocaInfo for Ptr:   %14 = bitcast %struct.msg_t* %reply to i64*, !dbg !274
No entry in allocaInfo for Ptr: %struct.msg_t* %reply
No entry in allocaInfo for Ptr:   %sender_pid = getelementptr inbounds %struct.msg_t, %struct.msg_t* %m, i32 0, i32 0, !dbg !250
No entry in allocaInfo for Ptr:   %status = getelementptr inbounds %struct._thread, %struct._thread* %7, i32 0, i32 1, !dbg !267
No entry in allocaInfo for Ptr:   %11 = bitcast i8** %wait_data to i64**, !dbg !294
No entry in allocaInfo for Ptr:   %16 = bitcast %struct.msg_t* %reply to i64*, !dbg !296
No entry in allocaInfo for Ptr:   %13 = load i64*, i64** %11, align 4, !dbg !294, !tbaa !295
No entry in allocaInfo for Ptr:   %7 = load %struct._thread*, %struct._thread** %arrayidx.i, align 4, !dbg !263, !tbaa !264
No entry in allocaInfo for Ptr:   %priority = getelementptr inbounds %struct._thread, %struct._thread* %7, i32 0, i32 2, !dbg !298
No entry in allocaInfo for Ptr:   %sender_pid = getelementptr inbounds %struct.msg_t, %struct.msg_t* %m, i32 0, i32 0, !dbg !223
No entry in allocaInfo for Ptr:   %status = getelementptr inbounds %struct._thread, %struct._thread* %6, i32 0, i32 1, !dbg !239
No entry in allocaInfo for Ptr:   %10 = bitcast i8** %wait_data to i64**, !dbg !248
No entry in allocaInfo for Ptr:   %15 = bitcast %struct.msg_t* %reply to i64*, !dbg !250
No entry in allocaInfo for Ptr:   %12 = load i64*, i64** %10, align 4, !dbg !248, !tbaa !249
No entry in allocaInfo for Ptr:   %6 = load %struct._thread*, %struct._thread** %arrayidx.i, align 4, !dbg !236, !tbaa !237
No entry in allocaInfo for Ptr: %struct.msg_t* %m
No entry in allocaInfo for Ptr:   %msg_array.i = getelementptr inbounds %struct._thread, %struct._thread* %3, i32 0, i32 8, !dbg !276
No entry in allocaInfo for Ptr:   %write_count.i.i = getelementptr inbounds %struct._thread, %struct._thread* %3, i32 0, i32 7, i32 1, !dbg !305
No entry in allocaInfo for Ptr:   %read_count.i.i = getelementptr inbounds %struct._thread, %struct._thread* %3, i32 0, i32 7, i32 0, !dbg !310
No entry in allocaInfo for Ptr:   %read_count.i.i = getelementptr inbounds %struct._thread, %struct._thread* %3, i32 0, i32 7, i32 0, !dbg !310
No entry in allocaInfo for Ptr:   %mask.i = getelementptr inbounds %struct._thread, %struct._thread* %3, i32 0, i32 7, i32 2, !dbg !316
No entry in allocaInfo for Ptr:   %next = getelementptr inbounds %struct._thread, %struct._thread* %3, i32 0, i32 6, i32 0, !dbg !323
No entry in allocaInfo for Ptr:   %19 = bitcast %struct.msg_t* %arrayidx to i64*, !dbg !348
No entry in allocaInfo for Ptr:   %20 = bitcast %struct.msg_t* %m to i64*, !dbg !348
No entry in allocaInfo for Ptr:   %next.i = getelementptr inbounds %struct._thread, %struct._thread* %3, i32 0, i32 6, i32 0, !dbg !358
No entry in allocaInfo for Ptr: %struct.msg_t* %m
No entry in allocaInfo for Ptr:   %28 = bitcast i8** %wait_data to %struct.msg_t**, !dbg !365
No entry in allocaInfo for Ptr:   %next.i102 = getelementptr inbounds %struct._thread, %struct._thread* %3, i32 0, i32 6, i32 0, !dbg !358
No entry in allocaInfo for Ptr:   %next1.i106 = getelementptr inbounds %struct.list_node, %struct.list_node* %32, i32 0, i32 0, !dbg !367
No entry in allocaInfo for Ptr:   %36 = load %struct.list_node*, %struct.list_node** %next1.i106, align 4, !dbg !367, !tbaa !359
No entry in allocaInfo for Ptr:   %next.i102 = getelementptr inbounds %struct._thread, %struct._thread* %3, i32 0, i32 6, i32 0, !dbg !358
No entry in allocaInfo for Ptr:   %3 = load %struct._thread*, %struct._thread** @sched_active_thread, align 4, !dbg !256, !tbaa !261
No entry in allocaInfo for Ptr:   %status = getelementptr inbounds %struct._thread, %struct._thread* %42, i32 0, i32 1, !dbg !393
No entry in allocaInfo for Ptr:   %next1.i = getelementptr inbounds %struct.list_node, %struct.list_node* %25, i32 0, i32 0, !dbg !367
No entry in allocaInfo for Ptr:   %47 = load %struct.list_node*, %struct.list_node** %next1.i, align 4, !dbg !367, !tbaa !359
No entry in allocaInfo for Ptr:   %next.i = getelementptr inbounds %struct._thread, %struct._thread* %3, i32 0, i32 6, i32 0, !dbg !358
No entry in allocaInfo for Ptr:   %msg_array.i = getelementptr inbounds %struct._thread, %struct._thread* %3, i32 0, i32 8, !dbg !276
No entry in allocaInfo for Ptr:   %write_count.i.i94 = getelementptr inbounds %struct._thread, %struct._thread* %3, i32 0, i32 7, i32 1, !dbg !412
No entry in allocaInfo for Ptr:   %read_count.i.i95 = getelementptr inbounds %struct._thread, %struct._thread* %3, i32 0, i32 7, i32 0, !dbg !416
No entry in allocaInfo for Ptr:   %mask.i96 = getelementptr inbounds %struct._thread, %struct._thread* %3, i32 0, i32 7, i32 2, !dbg !418
No entry in allocaInfo for Ptr:   %write_count.i.i94 = getelementptr inbounds %struct._thread, %struct._thread* %3, i32 0, i32 7, i32 1, !dbg !412
No entry in allocaInfo for Ptr:   %.in.in.in = phi %struct.list_node* [ %25, %cib_put.exit ], [ %32, %do.end36.thread ]
No entry in allocaInfo for Ptr:   %69 = bitcast i8** %wait_data45 to i64**, !dbg !429
No entry in allocaInfo for Ptr:   %71 = load i64*, i64** %69, align 4, !dbg !429, !tbaa !366
No entry in allocaInfo for Ptr:   %74 = bitcast %struct.msg_t* %m.addr.0 to i64*, !dbg !430
No entry in allocaInfo for Ptr:   %status46 = getelementptr inbounds %struct._thread, %struct._thread* %66, i32 0, i32 1, !dbg !431
No entry in allocaInfo for Ptr:   %wait_data45 = getelementptr inbounds %struct._thread, %struct._thread* %66, i32 0, i32 5, !dbg !429
No entry in allocaInfo for Ptr:   %66 = inttoptr i32 %.in to %struct._thread*, !dbg !428
No entry in allocaInfo for Ptr:   %priority = getelementptr inbounds %struct._thread, %struct._thread* %66, i32 0, i32 2, !dbg !444
No entry in allocaInfo for Ptr: %struct.msg_t* %m
No entry in allocaInfo for Ptr:   %msg_array.i.i = getelementptr inbounds %struct._thread, %struct._thread* %retval.0.i, i32 0, i32 8, !dbg !268
No entry in allocaInfo for Ptr:   %write_count.i.i = getelementptr inbounds %struct._thread, %struct._thread* %retval.0.i, i32 0, i32 7, i32 1, !dbg !287
No entry in allocaInfo for Ptr:   %read_count.i.i = getelementptr inbounds %struct._thread, %struct._thread* %retval.0.i, i32 0, i32 7, i32 0, !dbg !289
No entry in allocaInfo for Ptr:   %msg_array.i.i = getelementptr inbounds %struct._thread, %struct._thread* %0, i32 0, i32 8, !dbg !246
No entry in allocaInfo for Ptr:   %write_count.i.i = getelementptr inbounds %struct._thread, %struct._thread* %0, i32 0, i32 7, i32 1, !dbg !265
No entry in allocaInfo for Ptr:   %read_count.i.i = getelementptr inbounds %struct._thread, %struct._thread* %0, i32 0, i32 7, i32 0, !dbg !267
No entry in allocaInfo for Ptr:   %msg_array.i = getelementptr inbounds %struct._thread, %struct._thread* %retval.0.i, i32 0, i32 8, !dbg !262
No entry in allocaInfo for Ptr:   %mask.i = getelementptr inbounds %struct._thread, %struct._thread* %retval.0.i, i32 0, i32 7, i32 2, !dbg !281
No entry in allocaInfo for Ptr: %struct.msg_t* %array
No entry in allocaInfo for Ptr:   %msg_array = getelementptr inbounds %struct._thread, %struct._thread* %2, i32 0, i32 8, !dbg !232
No entry in allocaInfo for Ptr:   %c.sroa.0.0..sroa_idx.i = getelementptr inbounds %struct._thread, %struct._thread* %2, i32 0, i32 7, i32 0, !dbg !257
No entry in allocaInfo for Ptr:   %c.sroa.4.0..sroa_idx3.i = getelementptr inbounds %struct._thread, %struct._thread* %2, i32 0, i32 7, i32 1, !dbg !257
No entry in allocaInfo for Ptr:   %c.sroa.5.0..sroa_idx5.i = getelementptr inbounds %struct._thread, %struct._thread* %2, i32 0, i32 7, i32 2, !dbg !257
No entry in allocaInfo for Ptr:   %msg_array.i.i.i = getelementptr inbounds %struct._thread, %struct._thread* %1, i32 0, i32 8, !dbg !284
No entry in allocaInfo for Ptr:   %write_count.i.i.i = getelementptr inbounds %struct._thread, %struct._thread* %1, i32 0, i32 7, i32 1, !dbg !303
No entry in allocaInfo for Ptr:   %read_count.i.i.i = getelementptr inbounds %struct._thread, %struct._thread* %1, i32 0, i32 7, i32 0, !dbg !305
No entry in allocaInfo for Ptr:   %mask.i = getelementptr inbounds %struct._thread, %struct._thread* %1, i32 0, i32 7, i32 2, !dbg !341
No entry in allocaInfo for Ptr:   %pid = getelementptr inbounds %struct._thread, %struct._thread* %1, i32 0, i32 3, !dbg !348
No entry in allocaInfo for Ptr:   %mask = getelementptr inbounds %struct._thread, %struct._thread* %1, i32 0, i32 7, i32 2, !dbg !352
No entry in allocaInfo for Ptr:   %mask = getelementptr inbounds %struct._thread, %struct._thread* %1, i32 0, i32 7, i32 2, !dbg !352
No entry in allocaInfo for Ptr:   %sender_pid = getelementptr %struct.msg_t, %struct.msg_t* %5, i32 %and, i32 0, !dbg !367
No entry in allocaInfo for Ptr:   %type = getelementptr %struct.msg_t, %struct.msg_t* %5, i32 %and, i32 1, !dbg !371
No entry in allocaInfo for Ptr:   %value = bitcast %union.anon* %content to i32*, !dbg !375
No entry in allocaInfo for Ptr:   %.cast = inttoptr i32 %25 to i8*, !dbg !377
No entry in allocaInfo for Ptr:   %next = getelementptr inbounds %struct.mutex_t, %struct.mutex_t* %mutex, i32 0, i32 0, i32 0, !dbg !226
No entry in allocaInfo for Ptr:   %next = getelementptr inbounds %struct.mutex_t, %struct.mutex_t* %mutex, i32 0, i32 0, i32 0, !dbg !226
No entry in allocaInfo for Ptr:   %6 = load %struct._thread*, %struct._thread** @sched_active_thread, align 4, !dbg !274, !tbaa !279
No entry in allocaInfo for Ptr:   %next = getelementptr inbounds %struct.mutex_t, %struct.mutex_t* %mutex, i32 0, i32 0, i32 0, !dbg !226
No entry in allocaInfo for Ptr:   %rq_entry.i = getelementptr inbounds %struct._thread, %struct._thread* %6, i32 0, i32 4, !dbg !286
No entry in allocaInfo for Ptr:   %next = getelementptr inbounds %struct.mutex_t, %struct.mutex_t* %mutex, i32 0, i32 0, i32 0, !dbg !226
No entry in allocaInfo for Ptr:   %next6.i = getelementptr inbounds %struct.list_node, %struct.list_node* %rq_entry.i, i32 0, i32 0, !dbg !289
No entry in allocaInfo for Ptr:   %queue.i = getelementptr inbounds %struct.mutex_t, %struct.mutex_t* %mutex, i32 0, i32 0, !dbg !293
No entry in allocaInfo for Ptr:   %6 = load %struct._thread*, %struct._thread** @sched_active_thread, align 4, !dbg !274, !tbaa !279
No entry in allocaInfo for Ptr:   %cancelled = getelementptr inbounds %struct.mutex_cancel_t, %struct.mutex_cancel_t* %mc, i32 0, i32 2, !dbg !232
No entry in allocaInfo for Ptr:   %mutex4 = getelementptr inbounds %struct.mutex_cancel_t, %struct.mutex_cancel_t* %mc, i32 0, i32 0, !dbg !259
No entry in allocaInfo for Ptr:   %next = getelementptr inbounds %struct.mutex_t, %struct.mutex_t* %5, i32 0, i32 0, i32 0, !dbg !261
No entry in allocaInfo for Ptr:   %next = getelementptr inbounds %struct.mutex_t, %struct.mutex_t* %5, i32 0, i32 0, i32 0, !dbg !261
No entry in allocaInfo for Ptr:   %11 = load %struct._thread*, %struct._thread** @sched_active_thread, align 4, !dbg !286, !tbaa !291
No entry in allocaInfo for Ptr:   %next = getelementptr inbounds %struct.mutex_t, %struct.mutex_t* %5, i32 0, i32 0, i32 0, !dbg !261
No entry in allocaInfo for Ptr:   %rq_entry.i = getelementptr inbounds %struct._thread, %struct._thread* %11, i32 0, i32 4, !dbg !298
No entry in allocaInfo for Ptr:   %next = getelementptr inbounds %struct.mutex_t, %struct.mutex_t* %5, i32 0, i32 0, i32 0, !dbg !261
No entry in allocaInfo for Ptr:   %next6.i = getelementptr inbounds %struct.list_node, %struct.list_node* %rq_entry.i, i32 0, i32 0, !dbg !301
No entry in allocaInfo for Ptr:   %queue.i = getelementptr inbounds %struct.mutex_t, %struct.mutex_t* %5, i32 0, i32 0, !dbg !305
No entry in allocaInfo for Ptr:   %11 = load %struct._thread*, %struct._thread** @sched_active_thread, align 4, !dbg !286, !tbaa !291
No entry in allocaInfo for Ptr:   %cancelled = getelementptr inbounds %struct.mutex_cancel_t, %struct.mutex_cancel_t* %mc, i32 0, i32 2, !dbg !232
No entry in allocaInfo for Ptr:   %next = getelementptr inbounds %struct.mutex_t, %struct.mutex_t* %mutex, i32 0, i32 0, i32 0, !dbg !227
No entry in allocaInfo for Ptr:   %4 = load %struct.list_node*, %struct.list_node** %next, align 4, !dbg !227, !tbaa !229
No entry in allocaInfo for Ptr:   %next = getelementptr inbounds %struct.mutex_t, %struct.mutex_t* %mutex, i32 0, i32 0, i32 0, !dbg !227
No entry in allocaInfo for Ptr:   %next1.i = getelementptr inbounds %struct.list_node, %struct.list_node* %4, i32 0, i32 0, !dbg !271
No entry in allocaInfo for Ptr:   %10 = load %struct.list_node*, %struct.list_node** %next1.i, align 4, !dbg !271, !tbaa !274
No entry in allocaInfo for Ptr:   %next = getelementptr inbounds %struct.mutex_t, %struct.mutex_t* %mutex, i32 0, i32 0, i32 0, !dbg !227
No entry in allocaInfo for Ptr:   %15 = inttoptr i32 %sub to %struct._thread*, !dbg !276
No entry in allocaInfo for Ptr:   %next = getelementptr inbounds %struct.mutex_t, %struct.mutex_t* %mutex, i32 0, i32 0, i32 0, !dbg !227
No entry in allocaInfo for Ptr:   %next = getelementptr inbounds %struct.mutex_t, %struct.mutex_t* %mutex, i32 0, i32 0, i32 0, !dbg !227
No entry in allocaInfo for Ptr:   %priority = getelementptr inbounds %struct._thread, %struct._thread* %15, i32 0, i32 2, !dbg !285
No entry in allocaInfo for Ptr:   %next = getelementptr inbounds %struct.mutex_t, %struct.mutex_t* %mutex, i32 0, i32 0, i32 0, !dbg !230
No entry in allocaInfo for Ptr:   %4 = load %struct.list_node*, %struct.list_node** %next, align 4, !dbg !230, !tbaa !231
No entry in allocaInfo for Ptr:   %next1.i = getelementptr inbounds %struct.list_node, %struct.list_node* %4, i32 0, i32 0, !dbg !246
No entry in allocaInfo for Ptr:   %9 = load %struct.list_node*, %struct.list_node** %next1.i, align 4, !dbg !246, !tbaa !249
No entry in allocaInfo for Ptr:   %next = getelementptr inbounds %struct.mutex_t, %struct.mutex_t* %mutex, i32 0, i32 0, i32 0, !dbg !230
No entry in allocaInfo for Ptr:   %14 = inttoptr i32 %sub to %struct._thread*, !dbg !252
No entry in allocaInfo for Ptr:   %next = getelementptr inbounds %struct.mutex_t, %struct.mutex_t* %mutex, i32 0, i32 0, i32 0, !dbg !230
No entry in allocaInfo for Ptr:   %next = getelementptr inbounds %struct.mutex_t, %struct.mutex_t* %mutex, i32 0, i32 0, i32 0, !dbg !230
No entry in allocaInfo for Ptr:   %22 = load %struct._thread*, %struct._thread** @sched_active_thread, align 4, !dbg !259, !tbaa !264
No entry in allocaInfo for Ptr:   %cancelled = getelementptr inbounds %struct.mutex_cancel_t, %struct.mutex_cancel_t* %mc, i32 0, i32 2, !dbg !233
No entry in allocaInfo for Ptr:   %thread2 = getelementptr inbounds %struct.mutex_cancel_t, %struct.mutex_cancel_t* %mc, i32 0, i32 1, !dbg !240
No entry in allocaInfo for Ptr:   %status.i = getelementptr inbounds %struct._thread, %struct._thread* %4, i32 0, i32 1, !dbg !253
No entry in allocaInfo for Ptr:   %mutex1 = getelementptr inbounds %struct.mutex_cancel_t, %struct.mutex_cancel_t* %mc, i32 0, i32 0, !dbg !280
No entry in allocaInfo for Ptr:   %next = getelementptr inbounds %struct.mutex_t, %struct.mutex_t* %9, i32 0, i32 0, i32 0, !dbg !282
No entry in allocaInfo for Ptr:   %next.i = getelementptr inbounds %struct.list_node, %struct.list_node* %list.addr.0.i, i32 0, i32 0, !dbg !298
No entry in allocaInfo for Ptr:   %next2.i = getelementptr inbounds %struct.list_node, %struct.list_node* %rq_entry, i32 0, i32 0, !dbg !307
No entry in allocaInfo for Ptr:   %20 = load %struct.list_node*, %struct.list_node** %next2.i, align 4, !dbg !307, !tbaa !299
No entry in allocaInfo for Ptr:   %next.i.le = getelementptr inbounds %struct.list_node, %struct.list_node* %list.addr.0.i, i32 0, i32 0, !dbg !298
No entry in allocaInfo for Ptr:   %next = getelementptr inbounds %struct.mutex_t, %struct.mutex_t* %9, i32 0, i32 0, i32 0, !dbg !282
No entry in allocaInfo for Ptr:   %next = getelementptr inbounds %struct.mutex_t, %struct.mutex_t* %9, i32 0, i32 0, i32 0, !dbg !282
No entry in allocaInfo for Ptr:   %4 = load %struct._thread*, %struct._thread** %thread2, align 4, !dbg !240, !tbaa !241
No entry in allocaInfo for Ptr:   %priority = getelementptr inbounds %struct._thread, %struct._thread* %4, i32 0, i32 2, !dbg !324
No entry in allocaInfo for Ptr:   %0 = load %struct._thread*, %struct._thread** @sched_active_thread, align 4, !dbg !238, !tbaa !242
No entry in allocaInfo for Ptr:   %next6 = getelementptr inbounds %struct.list_node, %struct.list_node* %9, i32 0, i32 0, !dbg !284
No entry in allocaInfo for Ptr:   %13 = load %struct.list_node*, %struct.list_node** %next6, align 4, !dbg !284, !tbaa !285
No entry in allocaInfo for Ptr:   %status = getelementptr inbounds %struct._thread, %struct._thread* %18, i32 0, i32 1, !dbg !287
No entry in allocaInfo for Ptr:   %active_thread.1 = phi %struct._thread* [ %0, %entry ], [ null, %do.body ], !dbg !246
No entry in allocaInfo for Ptr:   %pid = getelementptr inbounds %struct._thread, %struct._thread* %18, i32 0, i32 3, !dbg !303
No entry in allocaInfo for Ptr:   %18 = inttoptr i32 %sub to %struct._thread*, !dbg !284
No entry in allocaInfo for Ptr:   %18 = inttoptr i32 %sub to %struct._thread*, !dbg !284
No entry in allocaInfo for Ptr:   %status = getelementptr inbounds %struct._thread, %struct._thread* %active_thread, i32 0, i32 1, !dbg !236
No entry in allocaInfo for Ptr:   %status = getelementptr inbounds %struct._thread, %struct._thread* %active_thread, i32 0, i32 1, !dbg !236
No entry in allocaInfo for Ptr:   %stack_start = getelementptr inbounds %struct._thread, %struct._thread* %active_thread, i32 0, i32 9, !dbg !252
No entry in allocaInfo for Ptr:   %7 = bitcast i8* %4 to i32*, !dbg !256
No entry in allocaInfo for Ptr:   %pid = getelementptr inbounds %struct._thread, %struct._thread* %active_thread, i32 0, i32 3, !dbg !261
No entry in allocaInfo for Ptr:   %status2 = getelementptr inbounds %struct._thread, %struct._thread* %process, i32 0, i32 1, !dbg !239
No entry in allocaInfo for Ptr:   %priority = getelementptr inbounds %struct._thread, %struct._thread* %process, i32 0, i32 2, !dbg !252
No entry in allocaInfo for Ptr:   %next2.i.i = getelementptr inbounds %struct.list_node, %struct.list_node* %4, i32 0, i32 0, !dbg !280
No entry in allocaInfo for Ptr:   %8 = load %struct.list_node*, %struct.list_node** %next2.i.i, align 4, !dbg !280, !tbaa !277
No entry in allocaInfo for Ptr:   %next3.i.i = getelementptr inbounds %struct.list_node, %struct.list_node* %rq_entry.i, i32 0, i32 0, !dbg !282
No entry in allocaInfo for Ptr:   %rq_entry.i = getelementptr inbounds %struct._thread, %struct._thread* %process, i32 0, i32 4, !dbg !265
No entry in allocaInfo for Ptr:   %next6.i.i = getelementptr inbounds %struct.list_node, %struct.list_node* %new_node.sink.i.i, i32 0, i32 0, !dbg !286
No entry in allocaInfo for Ptr:   %rq_entry.i = getelementptr inbounds %struct._thread, %struct._thread* %process, i32 0, i32 4, !dbg !265
No entry in allocaInfo for Ptr:   %priority.i = getelementptr inbounds %struct._thread, %struct._thread* %process, i32 0, i32 2, !dbg !310
No entry in allocaInfo for Ptr:   %next2.i.i24 = getelementptr inbounds %struct.list_node, %struct.list_node* %22, i32 0, i32 0, !dbg !325
No entry in allocaInfo for Ptr:   %next6.i.i26 = getelementptr inbounds %struct.list_node, %struct.list_node* %26, i32 0, i32 0, !dbg !333
No entry in allocaInfo for Ptr:   %30 = load %struct.list_node*, %struct.list_node** %next6.i.i26, align 4, !dbg !333, !tbaa !277
No entry in allocaInfo for Ptr:   %next2.i.i24 = getelementptr inbounds %struct.list_node, %struct.list_node* %22, i32 0, i32 0, !dbg !325
No entry in allocaInfo for Ptr:   %status14 = getelementptr inbounds %struct._thread, %struct._thread* %process, i32 0, i32 1, !dbg !349
No entry in allocaInfo for Ptr:   %status = getelementptr inbounds %struct._thread, %struct._thread* %0, i32 0, i32 1, !dbg !249
No entry in allocaInfo for Ptr:   %priority = getelementptr inbounds %struct._thread, %struct._thread* %0, i32 0, i32 2, !dbg !259
No entry in allocaInfo for Ptr:   %3 = load %struct._thread*, %struct._thread** @sched_active_thread, align 4, !dbg !272, !tbaa !267
No entry in allocaInfo for Ptr:   %priority2 = getelementptr inbounds %struct._thread, %struct._thread* %thread, i32 0, i32 2, !dbg !240
No entry in allocaInfo for Ptr:   %status.i = getelementptr inbounds %struct._thread, %struct._thread* %thread, i32 0, i32 1, !dbg !289
No entry in allocaInfo for Ptr:   %priority2 = getelementptr inbounds %struct._thread, %struct._thread* %thread, i32 0, i32 2, !dbg !240
No entry in allocaInfo for Ptr:   %next2.i.i = getelementptr inbounds %struct.list_node, %struct.list_node* %6, i32 0, i32 0, !dbg !318
No entry in allocaInfo for Ptr:   %next6.i.i = getelementptr inbounds %struct.list_node, %struct.list_node* %10, i32 0, i32 0, !dbg !326
No entry in allocaInfo for Ptr:   %14 = load %struct.list_node*, %struct.list_node** %next6.i.i, align 4, !dbg !326, !tbaa !315
No entry in allocaInfo for Ptr:   %next2.i.i = getelementptr inbounds %struct.list_node, %struct.list_node* %6, i32 0, i32 0, !dbg !318
No entry in allocaInfo for Ptr:   %next2.i.i45 = getelementptr inbounds %struct.list_node, %struct.list_node* %20, i32 0, i32 0, !dbg !365
No entry in allocaInfo for Ptr:   %24 = load %struct.list_node*, %struct.list_node** %next2.i.i45, align 4, !dbg !365, !tbaa !315
No entry in allocaInfo for Ptr:   %next3.i.i = getelementptr inbounds %struct.list_node, %struct.list_node* %rq_entry.i, i32 0, i32 0, !dbg !367
No entry in allocaInfo for Ptr:   %rq_entry.i = getelementptr inbounds %struct._thread, %struct._thread* %thread, i32 0, i32 4, !dbg !352
No entry in allocaInfo for Ptr:   %next6.i.i47 = getelementptr inbounds %struct.list_node, %struct.list_node* %new_node.sink.i.i, i32 0, i32 0, !dbg !371
No entry in allocaInfo for Ptr:   %rq_entry.i = getelementptr inbounds %struct._thread, %struct._thread* %thread, i32 0, i32 4, !dbg !352
No entry in allocaInfo for Ptr:   %priority2 = getelementptr inbounds %struct._thread, %struct._thread* %thread, i32 0, i32 2, !dbg !240
No entry in allocaInfo for Ptr:   %priority17 = getelementptr inbounds %struct._thread, %struct._thread* %37, i32 0, i32 2, !dbg !409
No entry in allocaInfo for Ptr:   %status.i = getelementptr inbounds %struct._thread, %struct._thread* %thread, i32 0, i32 1, !dbg !289
No entry in allocaInfo for Ptr:   %status = getelementptr inbounds %struct._thread, %struct._thread* %2, i32 0, i32 1, !dbg !267
No entry in allocaInfo for Ptr:   %name = getelementptr inbounds %struct._thread, %struct._thread* %2, i32 0, i32 10, !dbg !267
No entry in allocaInfo for Ptr:   %cond = phi i8* [ %6, %cond.true ], [ null, %thread_get.exit ], [ null, %entry ], !dbg !266
No entry in allocaInfo for Ptr:   %2 = load %struct._thread*, %struct._thread** @sched_active_thread, align 4, !dbg !273, !tbaa !278
No entry in allocaInfo for Ptr:   %status = getelementptr inbounds %struct._thread, %struct._thread* %3, i32 0, i32 1, !dbg !294
No entry in allocaInfo for Ptr:   %3 = load %struct._thread*, %struct._thread** %arrayidx.i.i, align 4, !dbg !286, !tbaa !287
No entry in allocaInfo for Ptr:   %2 = load %struct._thread*, %struct._thread** @sched_active_thread, align 4, !dbg !276, !tbaa !281
No entry in allocaInfo for Ptr:   %status = getelementptr inbounds %struct._thread, %struct._thread* %3, i32 0, i32 1, !dbg !293
No entry in allocaInfo for Ptr:   %3 = load %struct._thread*, %struct._thread** %arrayidx.i.i, align 4, !dbg !285, !tbaa !286
No entry in allocaInfo for Ptr:   %priority = getelementptr inbounds %struct._thread, %struct._thread* %3, i32 0, i32 2, !dbg !321
No entry in allocaInfo for Ptr:   %status = getelementptr inbounds %struct._thread, %struct._thread* %1, i32 0, i32 1, !dbg !270
No entry in allocaInfo for Ptr:   %priority = getelementptr inbounds %struct._thread, %struct._thread* %1, i32 0, i32 2, !dbg !280
No entry in allocaInfo for Ptr:   %next2.i.i = getelementptr inbounds %struct.list_node, %struct.list_node* %6, i32 0, i32 0, !dbg !303
No entry in allocaInfo for Ptr:   %10 = load %struct.list_node*, %struct.list_node** %next2.i.i, align 4, !dbg !303, !tbaa !300
No entry in allocaInfo for Ptr:   %status = getelementptr inbounds %struct._thread, %struct._thread* %thread, i32 0, i32 1, !dbg !242
No entry in allocaInfo for Ptr:   %priority = getelementptr inbounds %struct._thread, %struct._thread* %thread, i32 0, i32 2, !dbg !252
No entry in allocaInfo for Ptr:   %next = getelementptr inbounds %struct.list_node, %struct.list_node* %list.addr.0, i32 0, i32 0, !dbg !255
No entry in allocaInfo for Ptr:   %8 = load %struct.list_node*, %struct.list_node** %next, align 4, !dbg !255, !tbaa !256
No entry in allocaInfo for Ptr:   %priority4 = getelementptr inbounds %struct._thread, %struct._thread* %13, i32 0, i32 2, !dbg !259
No entry in allocaInfo for Ptr:   %8 = load %struct.list_node*, %struct.list_node** %next, align 4, !dbg !255, !tbaa !256
No entry in allocaInfo for Ptr:   %next11 = getelementptr inbounds %struct.list_node, %struct.list_node* %rq_entry, i32 0, i32 0, !dbg !263
No entry in allocaInfo for Ptr:   %rq_entry = getelementptr inbounds %struct._thread, %struct._thread* %thread, i32 0, i32 4, !dbg !262
No entry in allocaInfo for Ptr:   %next.le = getelementptr inbounds %struct.list_node, %struct.list_node* %list.addr.0, i32 0, i32 0, !dbg !255
No entry in allocaInfo for Ptr:   %stackp.0 = phi i32* [ %1, %entry ], [ %incdec.ptr, %while.cond ], !dbg !238
No entry in allocaInfo for Ptr:   %stackp.0 = phi i32* [ %1, %entry ], [ %incdec.ptr, %while.cond ], !dbg !238
No entry in allocaInfo for Ptr: i8* %stack
No entry in allocaInfo for Ptr: i8* %stack
No entry in allocaInfo for Ptr:   %stackp.0121 = phi i32* [ %incdec.ptr, %while.body ], [ %8, %while.body.preheader ]
No entry in allocaInfo for Ptr:   %stackp.0121 = phi i32* [ %incdec.ptr, %while.body ], [ %8, %while.body.preheader ]
No entry in allocaInfo for Ptr:   %stack.addr.0 = getelementptr i8, i8* %stack, i32 %stack.addr.0.idx, !dbg !265
No entry in allocaInfo for Ptr:   %14 = bitcast i8* %stack.addr.0 to i32*, !dbg !290
No entry in allocaInfo for Ptr:   %add.ptr12 = getelementptr i8, i8* %stack.addr.0, i32 %sub7, !dbg !268
No entry in allocaInfo for Ptr:   %20 = bitcast i8* %pid36 to i16*, !dbg !353
No entry in allocaInfo for Ptr: i8* (i8*)* %function
No entry in allocaInfo for Ptr: i8* %arg
No entry in allocaInfo for Ptr:   %stack.addr.0 = getelementptr i8, i8* %stack, i32 %stack.addr.0.idx, !dbg !265
No entry in allocaInfo for Ptr:   %call37 = tail call i8* @thread_stack_init(i8* (i8*)* noundef %function, i8* noundef %arg, i8* noundef %stack.addr.0, i32 noundef %sub7) #9, !dbg !360
No entry in allocaInfo for Ptr:   %sp = bitcast i8* %add.ptr12 to i8**, !dbg !361
No entry in allocaInfo for Ptr:   %stack.addr.0 = getelementptr i8, i8* %stack, i32 %stack.addr.0.idx, !dbg !265
No entry in allocaInfo for Ptr:   %25 = bitcast i8* %stack_start to i8**, !dbg !364
No entry in allocaInfo for Ptr:   %27 = bitcast i8* %stack_size to i32*, !dbg !367
No entry in allocaInfo for Ptr: i8* %name
No entry in allocaInfo for Ptr:   %29 = bitcast i8* %name38 to i8**, !dbg !370
No entry in allocaInfo for Ptr:   %31 = getelementptr inbounds i8, i8* %add.ptr12, i32 5, !dbg !373
No entry in allocaInfo for Ptr:   %32 = getelementptr inbounds i8, i8* %add.ptr12, i32 4, !dbg !376
No entry in allocaInfo for Ptr:   %34 = getelementptr i8, i8* %rq_entry, i32 20, !dbg !393
No entry in allocaInfo for Ptr:   %33 = bitcast i8* %c.sroa.5.0..sroa_idx5.i to i32*, !dbg !392
No entry in allocaInfo for Ptr:   %36 = bitcast i8* %msg_array to %struct.msg_t**, !dbg !398
No entry in allocaInfo for Ptr:   %6 = bitcast i8* %add.ptr12 to %struct._thread*, !dbg !269
No entry in allocaInfo for Ptr:   %6 = bitcast i8* %add.ptr12 to %struct._thread*, !dbg !269
No entry in allocaInfo for Ptr:   %0 = load i8*, i8** %arrayidx, align 4, !dbg !238, !tbaa !239
No entry in allocaInfo for Ptr: i8* %file
No entry in allocaInfo for Ptr: i8* %ptr
No entry in allocaInfo for Ptr:   %2 = bitcast i8* %ptr to i16*, !dbg !97
No entry in allocaInfo for Ptr:   %2 = bitcast i8* %ptr to i32*, !dbg !97
No entry in allocaInfo for Ptr:   %2 = bitcast i8* %ptr to i64*, !dbg !97
No entry in allocaInfo for Ptr: i8* %ptr
No entry in allocaInfo for Ptr:   %2 = bitcast i8* %ptr to i16*, !dbg !96
No entry in allocaInfo for Ptr:   %2 = bitcast i8* %ptr to i32*, !dbg !96
No entry in allocaInfo for Ptr:   %2 = bitcast i8* %ptr to i64*, !dbg !96
No entry in allocaInfo for Ptr: i8* %ptr
No entry in allocaInfo for Ptr: i8* %ptr
No entry in allocaInfo for Ptr:   %2 = bitcast i8* %ptr to i16*, !dbg !97
No entry in allocaInfo for Ptr:   %2 = bitcast i8* %ptr to i16*, !dbg !97
No entry in allocaInfo for Ptr:   %2 = bitcast i8* %ptr to i32*, !dbg !97
No entry in allocaInfo for Ptr:   %2 = bitcast i8* %ptr to i32*, !dbg !97
No entry in allocaInfo for Ptr:   %2 = bitcast i8* %ptr to i64*, !dbg !97
No entry in allocaInfo for Ptr:   %2 = bitcast i8* %ptr to i64*, !dbg !97
No entry in allocaInfo for Ptr: i8* %ptr
No entry in allocaInfo for Ptr: i8* %expected
No entry in allocaInfo for Ptr: i8* %expected
No entry in allocaInfo for Ptr: i8* %ptr
No entry in allocaInfo for Ptr:   %3 = bitcast i8* %ptr to i16*, !dbg !102
No entry in allocaInfo for Ptr:   %6 = bitcast i8* %expected to i16*, !dbg !107
No entry in allocaInfo for Ptr:   %6 = bitcast i8* %expected to i16*, !dbg !107
No entry in allocaInfo for Ptr:   %3 = bitcast i8* %ptr to i16*, !dbg !102
No entry in allocaInfo for Ptr:   %3 = bitcast i8* %ptr to i32*, !dbg !102
No entry in allocaInfo for Ptr:   %6 = bitcast i8* %expected to i32*, !dbg !107
No entry in allocaInfo for Ptr:   %6 = bitcast i8* %expected to i32*, !dbg !107
No entry in allocaInfo for Ptr:   %3 = bitcast i8* %ptr to i32*, !dbg !102
No entry in allocaInfo for Ptr:   %3 = bitcast i8* %ptr to i64*, !dbg !102
No entry in allocaInfo for Ptr:   %6 = bitcast i8* %expected to i64*, !dbg !107
No entry in allocaInfo for Ptr:   %6 = bitcast i8* %expected to i64*, !dbg !107
No entry in allocaInfo for Ptr:   %3 = bitcast i8* %ptr to i64*, !dbg !102
No entry in allocaInfo for Ptr: i8* %ptr
No entry in allocaInfo for Ptr: i8* %ptr
No entry in allocaInfo for Ptr:   %2 = bitcast i8* %ptr to i16*, !dbg !97
No entry in allocaInfo for Ptr:   %2 = bitcast i8* %ptr to i16*, !dbg !97
No entry in allocaInfo for Ptr:   %2 = bitcast i8* %ptr to i32*, !dbg !97
No entry in allocaInfo for Ptr:   %2 = bitcast i8* %ptr to i32*, !dbg !97
No entry in allocaInfo for Ptr:   %2 = bitcast i8* %ptr to i64*, !dbg !97
No entry in allocaInfo for Ptr:   %2 = bitcast i8* %ptr to i64*, !dbg !97
No entry in allocaInfo for Ptr: i8* %ptr
No entry in allocaInfo for Ptr: i8* %ptr
No entry in allocaInfo for Ptr:   %2 = bitcast i8* %ptr to i16*, !dbg !97
No entry in allocaInfo for Ptr:   %2 = bitcast i8* %ptr to i16*, !dbg !97
No entry in allocaInfo for Ptr:   %2 = bitcast i8* %ptr to i32*, !dbg !97
No entry in allocaInfo for Ptr:   %2 = bitcast i8* %ptr to i32*, !dbg !97
No entry in allocaInfo for Ptr:   %2 = bitcast i8* %ptr to i64*, !dbg !97
No entry in allocaInfo for Ptr:   %2 = bitcast i8* %ptr to i64*, !dbg !97
No entry in allocaInfo for Ptr: i8* %ptr
No entry in allocaInfo for Ptr: i8* %ptr
No entry in allocaInfo for Ptr:   %2 = bitcast i8* %ptr to i16*, !dbg !97
No entry in allocaInfo for Ptr:   %2 = bitcast i8* %ptr to i16*, !dbg !97
No entry in allocaInfo for Ptr:   %2 = bitcast i8* %ptr to i32*, !dbg !97
No entry in allocaInfo for Ptr:   %2 = bitcast i8* %ptr to i32*, !dbg !97
No entry in allocaInfo for Ptr:   %2 = bitcast i8* %ptr to i64*, !dbg !97
No entry in allocaInfo for Ptr:   %2 = bitcast i8* %ptr to i64*, !dbg !97
No entry in allocaInfo for Ptr: i8* %ptr
No entry in allocaInfo for Ptr: i8* %ptr
No entry in allocaInfo for Ptr:   %2 = bitcast i8* %ptr to i16*, !dbg !97
No entry in allocaInfo for Ptr:   %2 = bitcast i8* %ptr to i16*, !dbg !97
No entry in allocaInfo for Ptr:   %2 = bitcast i8* %ptr to i32*, !dbg !97
No entry in allocaInfo for Ptr:   %2 = bitcast i8* %ptr to i32*, !dbg !97
No entry in allocaInfo for Ptr:   %2 = bitcast i8* %ptr to i64*, !dbg !97
No entry in allocaInfo for Ptr:   %2 = bitcast i8* %ptr to i64*, !dbg !97
No entry in allocaInfo for Ptr: i8* %ptr
No entry in allocaInfo for Ptr: i8* %ptr
No entry in allocaInfo for Ptr:   %2 = bitcast i8* %ptr to i16*, !dbg !97
No entry in allocaInfo for Ptr:   %2 = bitcast i8* %ptr to i16*, !dbg !97
No entry in allocaInfo for Ptr:   %2 = bitcast i8* %ptr to i32*, !dbg !97
No entry in allocaInfo for Ptr:   %2 = bitcast i8* %ptr to i32*, !dbg !97
No entry in allocaInfo for Ptr:   %2 = bitcast i8* %ptr to i64*, !dbg !97
No entry in allocaInfo for Ptr:   %2 = bitcast i8* %ptr to i64*, !dbg !97
No entry in allocaInfo for Ptr: i8* %ptr
No entry in allocaInfo for Ptr: i8* %ptr
No entry in allocaInfo for Ptr:   %2 = bitcast i8* %ptr to i16*, !dbg !97
No entry in allocaInfo for Ptr:   %2 = bitcast i8* %ptr to i16*, !dbg !97
No entry in allocaInfo for Ptr:   %2 = bitcast i8* %ptr to i32*, !dbg !97
No entry in allocaInfo for Ptr:   %2 = bitcast i8* %ptr to i32*, !dbg !97
No entry in allocaInfo for Ptr:   %2 = bitcast i8* %ptr to i64*, !dbg !97
No entry in allocaInfo for Ptr:   %2 = bitcast i8* %ptr to i64*, !dbg !97
No entry in allocaInfo for Ptr: i8* %ptr
No entry in allocaInfo for Ptr: i8* %ptr
No entry in allocaInfo for Ptr:   %2 = bitcast i8* %ptr to i16*, !dbg !97
No entry in allocaInfo for Ptr:   %2 = bitcast i8* %ptr to i16*, !dbg !97
No entry in allocaInfo for Ptr:   %2 = bitcast i8* %ptr to i32*, !dbg !97
No entry in allocaInfo for Ptr:   %2 = bitcast i8* %ptr to i32*, !dbg !97
No entry in allocaInfo for Ptr:   %2 = bitcast i8* %ptr to i64*, !dbg !97
No entry in allocaInfo for Ptr:   %2 = bitcast i8* %ptr to i64*, !dbg !97
No entry in allocaInfo for Ptr: i8* %ptr
No entry in allocaInfo for Ptr: i8* %ptr
No entry in allocaInfo for Ptr:   %2 = bitcast i8* %ptr to i16*, !dbg !97
No entry in allocaInfo for Ptr:   %2 = bitcast i8* %ptr to i16*, !dbg !97
No entry in allocaInfo for Ptr:   %2 = bitcast i8* %ptr to i32*, !dbg !97
No entry in allocaInfo for Ptr:   %2 = bitcast i8* %ptr to i32*, !dbg !97
No entry in allocaInfo for Ptr:   %2 = bitcast i8* %ptr to i64*, !dbg !97
No entry in allocaInfo for Ptr:   %2 = bitcast i8* %ptr to i64*, !dbg !97
No entry in allocaInfo for Ptr: i8* %ptr
No entry in allocaInfo for Ptr: i8* %ptr
No entry in allocaInfo for Ptr:   %2 = bitcast i8* %ptr to i16*, !dbg !97
No entry in allocaInfo for Ptr:   %2 = bitcast i8* %ptr to i16*, !dbg !97
No entry in allocaInfo for Ptr:   %2 = bitcast i8* %ptr to i32*, !dbg !97
No entry in allocaInfo for Ptr:   %2 = bitcast i8* %ptr to i32*, !dbg !97
No entry in allocaInfo for Ptr:   %2 = bitcast i8* %ptr to i64*, !dbg !97
No entry in allocaInfo for Ptr:   %2 = bitcast i8* %ptr to i64*, !dbg !97
No entry in allocaInfo for Ptr: i8* %ptr
No entry in allocaInfo for Ptr: i8* %ptr
No entry in allocaInfo for Ptr:   %2 = bitcast i8* %ptr to i16*, !dbg !97
No entry in allocaInfo for Ptr:   %2 = bitcast i8* %ptr to i16*, !dbg !97
No entry in allocaInfo for Ptr:   %2 = bitcast i8* %ptr to i32*, !dbg !97
No entry in allocaInfo for Ptr:   %2 = bitcast i8* %ptr to i32*, !dbg !97
No entry in allocaInfo for Ptr:   %2 = bitcast i8* %ptr to i64*, !dbg !97
No entry in allocaInfo for Ptr:   %2 = bitcast i8* %ptr to i64*, !dbg !97
No entry in allocaInfo for Ptr: i8* %ptr
No entry in allocaInfo for Ptr: i8* %ptr
No entry in allocaInfo for Ptr:   %2 = bitcast i8* %ptr to i16*, !dbg !97
No entry in allocaInfo for Ptr:   %2 = bitcast i8* %ptr to i16*, !dbg !97
No entry in allocaInfo for Ptr:   %2 = bitcast i8* %ptr to i32*, !dbg !97
No entry in allocaInfo for Ptr:   %2 = bitcast i8* %ptr to i32*, !dbg !97
No entry in allocaInfo for Ptr:   %2 = bitcast i8* %ptr to i64*, !dbg !97
No entry in allocaInfo for Ptr:   %2 = bitcast i8* %ptr to i64*, !dbg !97
No entry in allocaInfo for Ptr: i8* %ptr
No entry in allocaInfo for Ptr: i8* %ptr
No entry in allocaInfo for Ptr:   %2 = bitcast i8* %ptr to i16*, !dbg !97
No entry in allocaInfo for Ptr:   %2 = bitcast i8* %ptr to i16*, !dbg !97
No entry in allocaInfo for Ptr:   %2 = bitcast i8* %ptr to i32*, !dbg !97
No entry in allocaInfo for Ptr:   %2 = bitcast i8* %ptr to i32*, !dbg !97
No entry in allocaInfo for Ptr:   %2 = bitcast i8* %ptr to i64*, !dbg !97
No entry in allocaInfo for Ptr:   %2 = bitcast i8* %ptr to i64*, !dbg !97
No entry in allocaInfo for Ptr:   %3 = getelementptr i8, i8* %src, i32 %size, !dbg !100
No entry in allocaInfo for Ptr:   %4 = getelementptr i8, i8* %dest, i32 %size, !dbg !100
No entry in allocaInfo for Ptr:   %3 = getelementptr i8, i8* %src, i32 %size, !dbg !100
No entry in allocaInfo for Ptr:   %4 = getelementptr i8, i8* %dest, i32 %size, !dbg !100
No entry in allocaInfo for Ptr:   %4 = getelementptr i8, i8* %ptr, i32 %size, !dbg !99
No entry in allocaInfo for Ptr:   %5 = getelementptr i8, i8* %ret, i32 %size, !dbg !99
No entry in allocaInfo for Ptr:   %6 = getelementptr i8, i8* %val, i32 %size, !dbg !100
No entry in allocaInfo for Ptr:   %7 = getelementptr i8, i8* %ptr, i32 %size, !dbg !100
No entry in allocaInfo for Ptr: i8* %ptr
No entry in allocaInfo for Ptr: i8* %expected
No entry in allocaInfo for Ptr:   %4 = getelementptr i8, i8* %desired, i32 %len, !dbg !107
No entry in allocaInfo for Ptr:   %5 = getelementptr i8, i8* %ptr, i32 %len, !dbg !107
No entry in allocaInfo for Ptr:   %6 = getelementptr i8, i8* %ptr, i32 %len, !dbg !110
No entry in allocaInfo for Ptr:   %7 = getelementptr i8, i8* %expected, i32 %len, !dbg !110
No entry in allocaInfo for Ptr:   %next = getelementptr inbounds %struct.list_node, %struct.list_node* %q.0127, i32 0, i32 0, !dbg !59
No entry in allocaInfo for Ptr:   %next19 = getelementptr inbounds %struct.list_node, %struct.list_node* %q.2, i32 0, i32 0, !dbg !82
No entry in allocaInfo for Ptr:   %next26 = getelementptr inbounds %struct.list_node, %struct.list_node* %p.1, i32 0, i32 0, !dbg !92
No entry in allocaInfo for Ptr:   %p.1 = phi %struct.list_node* [ %p.2, %if.then49 ], [ %p.1.ph, %while.cond12.outer ], !dbg !71
No entry in allocaInfo for Ptr:   %q.2 = phi %struct.list_node* [ %q.3, %if.then49 ], [ %q.2.ph147, %while.cond12.outer ], !dbg !72
No entry in allocaInfo for Ptr:   %next34 = getelementptr inbounds %struct.list_node, %struct.list_node* %p.1, i32 0, i32 0, !dbg !103
No entry in allocaInfo for Ptr:   %next40 = getelementptr inbounds %struct.list_node, %struct.list_node* %q.2, i32 0, i32 0, !dbg !110
No entry in allocaInfo for Ptr:   %e.0 = phi %struct.list_node* [ %q.2, %if.then18 ], [ %p.1, %if.then33 ], [ %q.2, %if.else39 ], [ %p.1, %if.then25 ], !dbg !116
No entry in allocaInfo for Ptr:   %next50 = getelementptr inbounds %struct.list_node, %struct.list_node* %tail.1, i32 0, i32 0, !dbg !122
No entry in allocaInfo for Ptr:   %list.addr.2.ph = phi %struct.list_node* [ %list.addr.1134, %while.cond12.preheader ], [ %e.0, %if.end47 ]
No entry in allocaInfo for Ptr:   %next54 = getelementptr inbounds %struct.list_node, %struct.list_node* %tail.1, i32 0, i32 0, !dbg !126
No entry in allocaInfo for Ptr:   %retval.2 = phi %struct.list_node* [ null, %entry ], [ %tail.1, %while.end53 ], !dbg !40
No entry in allocaInfo for Ptr: i8* %message
No entry in allocaInfo for Ptr: i8* %message
No entry in allocaInfo for Ptr:   %next = getelementptr inbounds %struct.priority_queue_node, %struct.priority_queue_node* %root.0, i32 0, i32 0, !dbg !40
No entry in allocaInfo for Ptr:   %next3 = getelementptr inbounds %struct.priority_queue_node, %struct.priority_queue_node* %node, i32 0, i32 0, !dbg !55
No entry in allocaInfo for Ptr:   %11 = load %struct.priority_queue_node*, %struct.priority_queue_node** %next3, align 4, !dbg !55, !tbaa !41
No entry in allocaInfo for Ptr:   %next.le = getelementptr inbounds %struct.priority_queue_node, %struct.priority_queue_node* %root.0, i32 0, i32 0, !dbg !40
No entry in allocaInfo for Ptr:   %next3 = getelementptr inbounds %struct.priority_queue_node, %struct.priority_queue_node* %node, i32 0, i32 0, !dbg !55
No entry in allocaInfo for Ptr:   %first = getelementptr inbounds %struct.priority_queue_t, %struct.priority_queue_t* %root, i32 0, i32 0, !dbg !37
No entry in allocaInfo for Ptr:   %next = getelementptr inbounds %struct.priority_queue_node, %struct.priority_queue_node* %3, i32 0, i32 0, !dbg !46
No entry in allocaInfo for Ptr:   %7 = load %struct.priority_queue_node*, %struct.priority_queue_node** %next, align 4, !dbg !46, !tbaa !48
No entry in allocaInfo for Ptr:   %first = getelementptr inbounds %struct.priority_queue_t, %struct.priority_queue_t* %root, i32 0, i32 0, !dbg !37
No entry in allocaInfo for Ptr:   %3 = load %struct.priority_queue_node*, %struct.priority_queue_node** %first, align 4, !dbg !37, !tbaa !38
No entry in allocaInfo for Ptr:   %next = getelementptr inbounds %struct.priority_queue_node, %struct.priority_queue_node* %node.0, i32 0, i32 0, !dbg !40
No entry in allocaInfo for Ptr:   %priority = getelementptr inbounds %struct.priority_queue_node, %struct.priority_queue_node* %7, i32 0, i32 1, !dbg !50
No entry in allocaInfo for Ptr:   %priority4 = getelementptr inbounds %struct.priority_queue_node, %struct.priority_queue_node* %new_obj, i32 0, i32 1
No entry in allocaInfo for Ptr:   %7 = load %struct.priority_queue_node*, %struct.priority_queue_node** %next, align 4, !dbg !40, !tbaa !41
No entry in allocaInfo for Ptr:   %next7 = getelementptr inbounds %struct.priority_queue_node, %struct.priority_queue_node* %new_obj, i32 0, i32 0, !dbg !59
No entry in allocaInfo for Ptr: %struct.priority_queue_node* %new_obj
No entry in allocaInfo for Ptr:   %next.le = getelementptr inbounds %struct.priority_queue_node, %struct.priority_queue_node* %node.0, i32 0, i32 0, !dbg !40
No entry in allocaInfo for Ptr: %struct.priority_queue_node* %new_obj
No entry in allocaInfo for Ptr:   %next.le38 = getelementptr inbounds %struct.priority_queue_node, %struct.priority_queue_node* %node.0, i32 0, i32 0, !dbg !40
No entry in allocaInfo for Ptr:   %next11 = getelementptr inbounds %struct.priority_queue_node, %struct.priority_queue_node* %new_obj, i32 0, i32 0, !dbg !65
No entry in allocaInfo for Ptr:   %size.i = getelementptr inbounds %struct.ringbuffer_t, %struct.ringbuffer_t* %rb, i32 0, i32 1
No entry in allocaInfo for Ptr:   %avail.i = getelementptr inbounds %struct.ringbuffer_t, %struct.ringbuffer_t* %rb, i32 0, i32 3, !dbg !35
No entry in allocaInfo for Ptr:   %arrayidx = getelementptr i8, i8* %buf, i32 %i.09, !dbg !65
No entry in allocaInfo for Ptr:   %start.i = getelementptr inbounds %struct.ringbuffer_t, %struct.ringbuffer_t* %rb, i32 0, i32 2
No entry in allocaInfo for Ptr:   %avail.i = getelementptr inbounds %struct.ringbuffer_t, %struct.ringbuffer_t* %rb, i32 0, i32 3, !dbg !35
No entry in allocaInfo for Ptr:   %buf.i = getelementptr inbounds %struct.ringbuffer_t, %struct.ringbuffer_t* %rb, i32 0, i32 0
No entry in allocaInfo for Ptr:   %arrayidx.i = getelementptr i8, i8* %11, i32 %spec.select.i, !dbg !89
No entry in allocaInfo for Ptr:   %avail.i = getelementptr inbounds %struct.ringbuffer_t, %struct.ringbuffer_t* %rb, i32 0, i32 3, !dbg !44
No entry in allocaInfo for Ptr:   %size.i = getelementptr inbounds %struct.ringbuffer_t, %struct.ringbuffer_t* %rb, i32 0, i32 1, !dbg !54
No entry in allocaInfo for Ptr:   %start.i8.phi.trans.insert = getelementptr inbounds %struct.ringbuffer_t, %struct.ringbuffer_t* %rb, i32 0, i32 2
No entry in allocaInfo for Ptr:   %buf.i12.phi.trans.insert = getelementptr inbounds %struct.ringbuffer_t, %struct.ringbuffer_t* %rb, i32 0, i32 0
No entry in allocaInfo for Ptr:   %buf.i = getelementptr inbounds %struct.ringbuffer_t, %struct.ringbuffer_t* %rb, i32 0, i32 0, !dbg !86
No entry in allocaInfo for Ptr:   %start.i = getelementptr inbounds %struct.ringbuffer_t, %struct.ringbuffer_t* %rb, i32 0, i32 2, !dbg !87
No entry in allocaInfo for Ptr:   %arrayidx.i = getelementptr i8, i8* %10, i32 %13, !dbg !88
No entry in allocaInfo for Ptr:   %start.i = getelementptr inbounds %struct.ringbuffer_t, %struct.ringbuffer_t* %rb, i32 0, i32 2, !dbg !87
No entry in allocaInfo for Ptr:   %avail.i = getelementptr inbounds %struct.ringbuffer_t, %struct.ringbuffer_t* %rb, i32 0, i32 3, !dbg !44
No entry in allocaInfo for Ptr:   %arrayidx.i13 = getelementptr i8, i8* %17, i32 %spec.select.i, !dbg !104
No entry in allocaInfo for Ptr:   %avail.i = getelementptr inbounds %struct.ringbuffer_t, %struct.ringbuffer_t* %rb, i32 0, i32 3, !dbg !42
No entry in allocaInfo for Ptr:   %buf.i = getelementptr inbounds %struct.ringbuffer_t, %struct.ringbuffer_t* %rb, i32 0, i32 0, !dbg !67
No entry in allocaInfo for Ptr:   %start.i = getelementptr inbounds %struct.ringbuffer_t, %struct.ringbuffer_t* %rb, i32 0, i32 2, !dbg !69
No entry in allocaInfo for Ptr:   %arrayidx.i = getelementptr i8, i8* %5, i32 %8, !dbg !71
No entry in allocaInfo for Ptr:   %avail.i = getelementptr inbounds %struct.ringbuffer_t, %struct.ringbuffer_t* %rb, i32 0, i32 3, !dbg !42
No entry in allocaInfo for Ptr:   %start.i = getelementptr inbounds %struct.ringbuffer_t, %struct.ringbuffer_t* %rb, i32 0, i32 2, !dbg !69
No entry in allocaInfo for Ptr:   %size.i = getelementptr inbounds %struct.ringbuffer_t, %struct.ringbuffer_t* %rb, i32 0, i32 1, !dbg !78
No entry in allocaInfo for Ptr:   %start.i = getelementptr inbounds %struct.ringbuffer_t, %struct.ringbuffer_t* %rb, i32 0, i32 2, !dbg !69
No entry in allocaInfo for Ptr:   %avail = getelementptr inbounds %struct.ringbuffer_t, %struct.ringbuffer_t* %rb, i32 0, i32 3, !dbg !35
No entry in allocaInfo for Ptr:   %size = getelementptr inbounds %struct.ringbuffer_t, %struct.ringbuffer_t* %rb, i32 0, i32 1, !dbg !46
No entry in allocaInfo for Ptr:   %start = getelementptr inbounds %struct.ringbuffer_t, %struct.ringbuffer_t* %rb, i32 0, i32 2, !dbg !48
No entry in allocaInfo for Ptr:   %buf14 = getelementptr inbounds %struct.ringbuffer_t, %struct.ringbuffer_t* %rb, i32 0, i32 0, !dbg !54
No entry in allocaInfo for Ptr:   %13 = getelementptr i8, i8* %add.ptr16, i32 %5, !dbg !57
No entry in allocaInfo for Ptr:   %14 = getelementptr i8, i8* %buf, i32 %5, !dbg !57
No entry in allocaInfo for Ptr:   %start = getelementptr inbounds %struct.ringbuffer_t, %struct.ringbuffer_t* %rb, i32 0, i32 2, !dbg !48
No entry in allocaInfo for Ptr:   %start = getelementptr inbounds %struct.ringbuffer_t, %struct.ringbuffer_t* %rb, i32 0, i32 2, !dbg !48
No entry in allocaInfo for Ptr:   %17 = getelementptr i8, i8* %add.ptr16, i32 %sub, !dbg !67
No entry in allocaInfo for Ptr:   %18 = getelementptr i8, i8* %buf, i32 %sub, !dbg !67
No entry in allocaInfo for Ptr:   %start = getelementptr inbounds %struct.ringbuffer_t, %struct.ringbuffer_t* %rb, i32 0, i32 2, !dbg !48
No entry in allocaInfo for Ptr:   %20 = getelementptr i8, i8* %11, i32 %sub17, !dbg !72
No entry in allocaInfo for Ptr:   %21 = getelementptr i8, i8* %add.ptr19, i32 %sub17, !dbg !72
No entry in allocaInfo for Ptr:   %avail = getelementptr inbounds %struct.ringbuffer_t, %struct.ringbuffer_t* %rb, i32 0, i32 3, !dbg !35
No entry in allocaInfo for Ptr:   %avail = getelementptr inbounds %struct.ringbuffer_t, %struct.ringbuffer_t* %rb, i32 0, i32 3, !dbg !31
No entry in allocaInfo for Ptr:   %avail = getelementptr inbounds %struct.ringbuffer_t, %struct.ringbuffer_t* %rb, i32 0, i32 3, !dbg !31
No entry in allocaInfo for Ptr:   %start = getelementptr inbounds %struct.ringbuffer_t, %struct.ringbuffer_t* %rb, i32 0, i32 2, !dbg !43
No entry in allocaInfo for Ptr:   %start3 = getelementptr inbounds %struct.ringbuffer_t, %struct.ringbuffer_t* %rb, i32 0, i32 2, !dbg !47
No entry in allocaInfo for Ptr:   %start3 = getelementptr inbounds %struct.ringbuffer_t, %struct.ringbuffer_t* %rb, i32 0, i32 2, !dbg !47
No entry in allocaInfo for Ptr:   %avail = getelementptr inbounds %struct.ringbuffer_t, %struct.ringbuffer_t* %rb, i32 0, i32 3, !dbg !31
No entry in allocaInfo for Ptr:   %size = getelementptr inbounds %struct.ringbuffer_t, %struct.ringbuffer_t* %rb, i32 0, i32 1, !dbg !51
No entry in allocaInfo for Ptr:   %start3 = getelementptr inbounds %struct.ringbuffer_t, %struct.ringbuffer_t* %rb, i32 0, i32 2, !dbg !47
No entry in allocaInfo for Ptr:   %rb.sroa.8.0..sroa_idx6 = getelementptr inbounds %struct.ringbuffer_t, %struct.ringbuffer_t* %rb_, i32 0, i32 3, !dbg !33
No entry in allocaInfo for Ptr:   %rb.sroa.5.0..sroa_idx4 = getelementptr inbounds %struct.ringbuffer_t, %struct.ringbuffer_t* %rb_, i32 0, i32 2, !dbg !33
No entry in allocaInfo for Ptr:   %rb.sroa.0.0..sroa_idx = getelementptr inbounds %struct.ringbuffer_t, %struct.ringbuffer_t* %rb_, i32 0, i32 0, !dbg !33
No entry in allocaInfo for Ptr:   %arrayidx.i.i = getelementptr i8, i8* %rb.sroa.0.0.copyload, i32 %rb.sroa.5.0.copyload, !dbg !69
No entry in allocaInfo for Ptr:   %rb.sroa.0.0..sroa_idx = getelementptr inbounds %struct.ringbuffer_t, %struct.ringbuffer_t* %rb_, i32 0, i32 0, !dbg !34
No entry in allocaInfo for Ptr:   %rb.sroa.9.0..sroa_idx6 = getelementptr inbounds %struct.ringbuffer_t, %struct.ringbuffer_t* %rb_, i32 0, i32 3, !dbg !34
No entry in allocaInfo for Ptr:   %rb.sroa.5.0..sroa_idx4 = getelementptr inbounds %struct.ringbuffer_t, %struct.ringbuffer_t* %rb_, i32 0, i32 2, !dbg !34
No entry in allocaInfo for Ptr:   %rb.sroa.4.0..sroa_idx2 = getelementptr inbounds %struct.ringbuffer_t, %struct.ringbuffer_t* %rb_, i32 0, i32 1, !dbg !34
No entry in allocaInfo for Ptr:   %9 = getelementptr i8, i8* %add.ptr16.i, i32 %6, !dbg !68
No entry in allocaInfo for Ptr:   %10 = getelementptr i8, i8* %buf, i32 %6, !dbg !68
No entry in allocaInfo for Ptr:   %11 = getelementptr i8, i8* %add.ptr16.i, i32 %sub.i, !dbg !74
No entry in allocaInfo for Ptr:   %12 = getelementptr i8, i8* %buf, i32 %sub.i, !dbg !74
No entry in allocaInfo for Ptr:   %13 = getelementptr i8, i8* %rb.sroa.0.0.copyload, i32 %sub17.i, !dbg !78
No entry in allocaInfo for Ptr:   %14 = getelementptr i8, i8* %add.ptr19.i, i32 %sub17.i, !dbg !78
No entry in allocaInfo for Ptr: %struct.rmutex_t* %rmutex
No entry in allocaInfo for Ptr:   %mutex = getelementptr inbounds %struct.rmutex_t, %struct.rmutex_t* %rmutex, i32 0, i32 0, !dbg !66
No entry in allocaInfo for Ptr:   %owner4 = getelementptr inbounds %struct.rmutex_t, %struct.rmutex_t* %rmutex, i32 0, i32 2, !dbg !78
No entry in allocaInfo for Ptr:   %mutex = getelementptr inbounds %struct.rmutex_t, %struct.rmutex_t* %rmutex, i32 0, i32 0, !dbg !66
No entry in allocaInfo for Ptr:   %owner27 = getelementptr inbounds %struct.rmutex_t, %struct.rmutex_t* %rmutex, i32 0, i32 2, !dbg !169
No entry in allocaInfo for Ptr:   %refcount = getelementptr inbounds %struct.rmutex_t, %struct.rmutex_t* %rmutex, i32 0, i32 1, !dbg !203
No entry in allocaInfo for Ptr:   %refcount = getelementptr inbounds %struct.rmutex_t, %struct.rmutex_t* %rmutex, i32 0, i32 1, !dbg !203
No entry in allocaInfo for Ptr: %struct.rmutex_t* %rmutex
No entry in allocaInfo for Ptr:   %owner = getelementptr inbounds %struct.rmutex_t, %struct.rmutex_t* %rmutex, i32 0, i32 2, !dbg !63
No entry in allocaInfo for Ptr:   %refcount = getelementptr inbounds %struct.rmutex_t, %struct.rmutex_t* %rmutex, i32 0, i32 1, !dbg !136
No entry in allocaInfo for Ptr:   %refcount = getelementptr inbounds %struct.rmutex_t, %struct.rmutex_t* %rmutex, i32 0, i32 1, !dbg !136
No entry in allocaInfo for Ptr:   %owner = getelementptr inbounds %struct.rmutex_t, %struct.rmutex_t* %rmutex, i32 0, i32 2, !dbg !63
No entry in allocaInfo for Ptr:   %mutex = getelementptr inbounds %struct.rmutex_t, %struct.rmutex_t* %rmutex, i32 0, i32 0, !dbg !178
No entry in allocaInfo for Ptr: i8* %address
No entry in allocaInfo for Ptr: i8* %stack_start
No entry in allocaInfo for Ptr:   %incdec.ptr = getelementptr i32, i32* %5, i32 -1, !dbg !220
No entry in allocaInfo for Ptr:   %incdec.ptr2 = getelementptr i32, i32* %5, i32 -2, !dbg !231
No entry in allocaInfo for Ptr:   %incdec.ptr3 = getelementptr i32, i32* %12, i32 -2, !dbg !235
No entry in allocaInfo for Ptr: i8* (i8*)* %task_func
No entry in allocaInfo for Ptr:   %incdec.ptr4 = getelementptr i32, i32* %12, i32 -3, !dbg !237
No entry in allocaInfo for Ptr:   %incdec.ptr5 = getelementptr i32, i32* %12, i32 -4, !dbg !240
No entry in allocaInfo for Ptr:   %incdec.ptr6 = getelementptr i32, i32* %12, i32 -5, !dbg !242
No entry in allocaInfo for Ptr:   %incdec.ptr8 = getelementptr i32, i32* %12, i32 -6, !dbg !245
No entry in allocaInfo for Ptr:   %incdec.ptr8.1 = getelementptr i32, i32* %12, i32 -7, !dbg !245
No entry in allocaInfo for Ptr:   %incdec.ptr8.2 = getelementptr i32, i32* %12, i32 -8, !dbg !245
No entry in allocaInfo for Ptr: i8* %arg
No entry in allocaInfo for Ptr:   %incdec.ptr9 = getelementptr i32, i32* %12, i32 -9, !dbg !249
No entry in allocaInfo for Ptr:   %incdec.ptr10 = getelementptr i32, i32* %12, i32 -10, !dbg !252
No entry in allocaInfo for Ptr:   %25 = bitcast i32* %incdec.ptr16 to i8*, !dbg !256
No entry in allocaInfo for Ptr:   %incdec.ptr16 = getelementptr i32, i32* %stk.251, i32 -1, !dbg !258
No entry in allocaInfo for Ptr:   %0 = load i32**, i32*** bitcast (%struct._thread** @sched_active_thread to i32***), align 4, !dbg !205, !tbaa !211
No entry in allocaInfo for Ptr:   %4 = load i32*, i32** %0, align 4, !dbg !215, !tbaa !216
No entry in allocaInfo for Ptr:   %sp.0 = phi i32* [ %4, %entry ], [ %incdec.ptr, %do.body ], !dbg !204
No entry in allocaInfo for Ptr:   %incdec.ptr = getelementptr i32, i32* %sp.0, i32 1, !dbg !237
No entry in allocaInfo for Ptr:   %ptr.0 = phi i32* [ @_sstack, %entry ], [ %incdec.ptr, %while.cond ], !dbg !206
No entry in allocaInfo for Ptr:   %ptr.0 = phi i32* [ @_sstack, %entry ], [ %incdec.ptr, %while.cond ], !dbg !206
No entry in allocaInfo for Ptr:   %1 = inttoptr i32 %0 to i8*, !dbg !213
No entry in allocaInfo for Ptr:   %dst.022 = phi i32* [ %incdec.ptr, %while.body ], [ @_sstack, %enable_dwt.exit ]
No entry in allocaInfo for Ptr: i32* %sp
No entry in allocaInfo for Ptr:   %arrayidx3 = getelementptr i32, i32* %sp, i32 1, !dbg !339
No entry in allocaInfo for Ptr:   %arrayidx4 = getelementptr i32, i32* %sp, i32 2, !dbg !340
No entry in allocaInfo for Ptr:   %arrayidx5 = getelementptr i32, i32* %sp, i32 3, !dbg !341
No entry in allocaInfo for Ptr:   %arrayidx6 = getelementptr i32, i32* %sp, i32 4, !dbg !342
No entry in allocaInfo for Ptr:   %arrayidx7 = getelementptr i32, i32* %sp, i32 5, !dbg !343
No entry in allocaInfo for Ptr:   %arrayidx8 = getelementptr i32, i32* %sp, i32 6, !dbg !344
No entry in allocaInfo for Ptr:   %arrayidx9 = getelementptr i32, i32* %sp, i32 7, !dbg !345
No entry in allocaInfo for Ptr:   %call36 = tail call i8* @thread_getname(i16 noundef signext %28) #12, !dbg !383
No entry in allocaInfo for Ptr:   %arrayidx40 = getelementptr i32, i32* %sp, i32 7, !dbg !386
No entry in allocaInfo for Ptr:   %32 = tail call i32* asm sideeffect "mov $0, sp", "=r"() #13, !dbg !401, !srcloc !402
No entry in allocaInfo for Ptr: i32* %sp
No entry in allocaInfo for Ptr:   %orig_sp.0 = phi i32* [ null, %if.then1 ], [ %add.ptr, %if.else ], !dbg !307
No entry in allocaInfo for Ptr: i32* %r4_to_r11_stack
No entry in allocaInfo for Ptr:   %MODER.i = getelementptr inbounds %struct.GPIO_TypeDef, %struct.GPIO_TypeDef* %0, i32 0, i32 0, !dbg !217
No entry in allocaInfo for Ptr:   %MODER.i = getelementptr inbounds %struct.GPIO_TypeDef, %struct.GPIO_TypeDef* %0, i32 0, i32 0, !dbg !217
No entry in allocaInfo for Ptr:   %PUPDR = getelementptr inbounds %struct.GPIO_TypeDef, %struct.GPIO_TypeDef* %0, i32 0, i32 3, !dbg !228
No entry in allocaInfo for Ptr:   %PUPDR = getelementptr inbounds %struct.GPIO_TypeDef, %struct.GPIO_TypeDef* %0, i32 0, i32 3, !dbg !228
No entry in allocaInfo for Ptr:   %PUPDR = getelementptr inbounds %struct.GPIO_TypeDef, %struct.GPIO_TypeDef* %0, i32 0, i32 3, !dbg !228
No entry in allocaInfo for Ptr:   %PUPDR = getelementptr inbounds %struct.GPIO_TypeDef, %struct.GPIO_TypeDef* %0, i32 0, i32 3, !dbg !228
No entry in allocaInfo for Ptr:   %OTYPER = getelementptr inbounds %struct.GPIO_TypeDef, %struct.GPIO_TypeDef* %0, i32 0, i32 1, !dbg !237
No entry in allocaInfo for Ptr:   %OTYPER = getelementptr inbounds %struct.GPIO_TypeDef, %struct.GPIO_TypeDef* %0, i32 0, i32 1, !dbg !237
No entry in allocaInfo for Ptr:   %OTYPER = getelementptr inbounds %struct.GPIO_TypeDef, %struct.GPIO_TypeDef* %0, i32 0, i32 1, !dbg !237
No entry in allocaInfo for Ptr:   %OTYPER = getelementptr inbounds %struct.GPIO_TypeDef, %struct.GPIO_TypeDef* %0, i32 0, i32 1, !dbg !237
No entry in allocaInfo for Ptr:   %OSPEEDR = getelementptr inbounds %struct.GPIO_TypeDef, %struct.GPIO_TypeDef* %0, i32 0, i32 2, !dbg !244
No entry in allocaInfo for Ptr:   %OSPEEDR = getelementptr inbounds %struct.GPIO_TypeDef, %struct.GPIO_TypeDef* %0, i32 0, i32 2, !dbg !244
No entry in allocaInfo for Ptr:   %arrayidx = getelementptr %struct.GPIO_TypeDef, %struct.GPIO_TypeDef* %0, i32 0, i32 8, i32 %cond, !dbg !211
No entry in allocaInfo for Ptr:   %arrayidx = getelementptr %struct.GPIO_TypeDef, %struct.GPIO_TypeDef* %0, i32 0, i32 8, i32 %cond, !dbg !211
No entry in allocaInfo for Ptr:   %arrayidx = getelementptr %struct.GPIO_TypeDef, %struct.GPIO_TypeDef* %0, i32 0, i32 8, i32 %cond, !dbg !211
No entry in allocaInfo for Ptr:   %arrayidx = getelementptr %struct.GPIO_TypeDef, %struct.GPIO_TypeDef* %0, i32 0, i32 8, i32 %cond, !dbg !211
No entry in allocaInfo for Ptr:   %MODER.i = getelementptr inbounds %struct.GPIO_TypeDef, %struct.GPIO_TypeDef* %0, i32 0, i32 0, !dbg !227
No entry in allocaInfo for Ptr:   %MODER.i = getelementptr inbounds %struct.GPIO_TypeDef, %struct.GPIO_TypeDef* %0, i32 0, i32 0, !dbg !227
No entry in allocaInfo for Ptr:   %MODER = getelementptr inbounds %struct.GPIO_TypeDef, %struct.GPIO_TypeDef* %0, i32 0, i32 0, !dbg !178
No entry in allocaInfo for Ptr:   %MODER = getelementptr inbounds %struct.GPIO_TypeDef, %struct.GPIO_TypeDef* %0, i32 0, i32 0, !dbg !178
No entry in allocaInfo for Ptr:   %IDR = getelementptr inbounds %struct.GPIO_TypeDef, %struct.GPIO_TypeDef* %0, i32 0, i32 4, !dbg !165
No entry in allocaInfo for Ptr:   %BSRR = getelementptr inbounds %struct.GPIO_TypeDef, %struct.GPIO_TypeDef* %0, i32 0, i32 6, !dbg !174
No entry in allocaInfo for Ptr:   %BSRR = getelementptr inbounds %struct.GPIO_TypeDef, %struct.GPIO_TypeDef* %0, i32 0, i32 6, !dbg !175
No entry in allocaInfo for Ptr:   %IDR.i = getelementptr inbounds %struct.GPIO_TypeDef, %struct.GPIO_TypeDef* %0, i32 0, i32 4, !dbg !173
No entry in allocaInfo for Ptr:   %BSRR.i9 = getelementptr inbounds %struct.GPIO_TypeDef, %struct.GPIO_TypeDef* %0, i32 0, i32 6, !dbg !189
No entry in allocaInfo for Ptr:   %BSRR.i5 = getelementptr inbounds %struct.GPIO_TypeDef, %struct.GPIO_TypeDef* %0, i32 0, i32 6, !dbg !159
No entry in allocaInfo for Ptr: void (i8*, i8)* %rx_cb
No entry in allocaInfo for Ptr: i8* %arg
No entry in allocaInfo for Ptr:   %CR1 = getelementptr inbounds %struct.USART_TypeDef, %struct.USART_TypeDef* %6, i32 0, i32 0, !dbg !471
No entry in allocaInfo for Ptr:   %CR2 = getelementptr inbounds %struct.USART_TypeDef, %struct.USART_TypeDef* %6, i32 0, i32 1, !dbg !477
No entry in allocaInfo for Ptr:   %CR3 = getelementptr inbounds %struct.USART_TypeDef, %struct.USART_TypeDef* %6, i32 0, i32 2, !dbg !482
No entry in allocaInfo for Ptr:   %BRR.i50 = getelementptr inbounds %struct.USART_TypeDef, %struct.USART_TypeDef* %6, i32 0, i32 3, !dbg !537
No entry in allocaInfo for Ptr:   %CR1 = getelementptr inbounds %struct.USART_TypeDef, %struct.USART_TypeDef* %6, i32 0, i32 0, !dbg !471
No entry in allocaInfo for Ptr:   %CR1 = getelementptr inbounds %struct.USART_TypeDef, %struct.USART_TypeDef* %1, i32 0, i32 0, !dbg !450
No entry in allocaInfo for Ptr:   %ISR.i = getelementptr inbounds %struct.USART_TypeDef, %struct.USART_TypeDef* %1, i32 0, i32 7
No entry in allocaInfo for Ptr:   %arrayidx = getelementptr i8, i8* %data, i32 %i.017, !dbg !474
No entry in allocaInfo for Ptr:   %ISR.i12 = getelementptr inbounds %struct.USART_TypeDef, %struct.USART_TypeDef* %1, i32 0, i32 7
No entry in allocaInfo for Ptr:   %TDR.i = getelementptr inbounds %struct.USART_TypeDef, %struct.USART_TypeDef* %1, i32 0, i32 10
No entry in allocaInfo for Ptr:   %CR1 = getelementptr inbounds %struct.USART_TypeDef, %struct.USART_TypeDef* %3, i32 0, i32 0, !dbg !459
No entry in allocaInfo for Ptr:   %CR1 = getelementptr inbounds %struct.USART_TypeDef, %struct.USART_TypeDef* %3, i32 0, i32 0, !dbg !459
No entry in allocaInfo for Ptr:   %CR1 = getelementptr inbounds %struct.USART_TypeDef, %struct.USART_TypeDef* %0, i32 0, i32 0, !dbg !441
No entry in allocaInfo for Ptr:   %CR1 = getelementptr inbounds %struct.USART_TypeDef, %struct.USART_TypeDef* %0, i32 0, i32 0, !dbg !441
No entry in allocaInfo for Ptr:   %2 = load i8*, i8** getelementptr inbounds ([2 x %struct.anon], [2 x %struct.anon]* @isr_ctx, i32 0, i32 0, i32 1), align 4, !dbg !445, !tbaa !446
No entry in allocaInfo for Ptr:   %2 = load i8*, i8** getelementptr inbounds ([2 x %struct.anon], [2 x %struct.anon]* @isr_ctx, i32 0, i32 1, i32 1), align 4, !dbg !445, !tbaa !446
Found entry in allocaInfo for Ptr:   %count = alloca i8, align 1
allocaStatus: 1
Found entry in allocaInfo for Ptr:   %count = alloca i8, align 1
allocaStatus: 1
Found entry in allocaInfo for Ptr:   %count = alloca i8, align 1
allocaStatus: 1
Found entry in allocaInfo for Ptr:   %count = alloca i8, align 1
allocaStatus: 1
Found entry in allocaInfo for Ptr:   %count = alloca i8, align 1
allocaStatus: 1
No entry in allocaInfo for Ptr:   %src.addr.017 = phi i8* [ %incdec.ptr, %while.body ], [ %src, %while.cond.preheader ]
No entry in allocaInfo for Ptr:   %dest.addr.016 = phi i8* [ %incdec.ptr3, %while.body ], [ %dest, %while.cond.preheader ]
No entry in allocaInfo for Ptr:   %dest.addr.0.lcssa = phi i8* [ %dest, %while.cond.preheader ], [ %incdec.ptr3, %while.body ], [ %dest.addr.016, %land.rhs ]
No entry in allocaInfo for Ptr:   %src.addr.0.lcssa = phi i8* [ %src, %while.cond.preheader ], [ %incdec.ptr, %while.body ], [ %src.addr.017, %land.rhs ]
No entry in allocaInfo for Ptr:   %dest.addr.0.lcssa = phi i8* [ %dest, %while.cond.preheader ], [ %incdec.ptr3, %while.body ], [ %dest.addr.016, %land.rhs ]
No entry in allocaInfo for Ptr: i8* %dest
No entry in allocaInfo for Ptr:   %4 = load i8*, i8** %arrayidx, align 4, !dbg !57, !tbaa !58
No entry in allocaInfo for Ptr:   %6 = bitcast %struct.__va_list* %args to i8*, !dbg !63
No entry in allocaInfo for Ptr:   %6 = bitcast %struct.__va_list* %args to i8*, !dbg !63
No entry in allocaInfo for Ptr:   %.fca.0.gep = bitcast %struct.__va_list* %args to i32*, !dbg !66
No entry in allocaInfo for Ptr: i8* %format
No entry in allocaInfo for Ptr:   %6 = bitcast %struct.__va_list* %args to i8*, !dbg !63
No entry in allocaInfo for Ptr:   %_stdout = getelementptr inbounds %struct._reent, %struct._reent* %8, i32 0, i32 2, !dbg !69
No entry in allocaInfo for Ptr:   %12 = load %struct.__sFILE*, %struct.__sFILE** %_stdout, align 4, !dbg !69, !tbaa !70
No entry in allocaInfo for Ptr:   %6 = bitcast %struct.__va_list* %args to i8*, !dbg !63
No entry in allocaInfo for Ptr: i8* %ptr
No entry in allocaInfo for Ptr: i8* %baseptr
No entry in allocaInfo for Ptr: i8* %ptr
No entry in allocaInfo for Ptr: i8* %baseptr
No entry in allocaInfo for Ptr: i8* %t_ptr
No entry in allocaInfo for Ptr:   %6 = inttoptr i32 %sub2 to i8*, !dbg !163
No entry in allocaInfo for Ptr: i8* %t_ptr
No entry in allocaInfo for Ptr:   %6 = inttoptr i32 %sub2.i to i8*, !dbg !173
No entry in allocaInfo for Ptr:   %6 = inttoptr i32 %sub2.i to i8*, !dbg !173
No entry in allocaInfo for Ptr: i8* %baseAddress
No entry in allocaInfo for Ptr: i8* %limitAddress
No entry in allocaInfo for Ptr:   %add.ptr = getelementptr i8, i8* %3, i32 %incr, !dbg !284
No entry in allocaInfo for Ptr:   %_errno = getelementptr inbounds %struct._reent, %struct._reent* %r, i32 0, i32 0, !dbg !291
No entry in allocaInfo for Ptr:   %res.030 = phi i8* [ inttoptr (i32 -1 to i8*), %if.then11 ], [ %3, %cleanup ]
No entry in allocaInfo for Ptr:   %1 = bitcast %struct.mallinfo* %minfo to i8*, !dbg !88
Found entry in allocaInfo for Ptr:   %minfo = alloca %struct.mallinfo, align 4
allocaStatus: 1
No entry in allocaInfo for Ptr:   %uordblks = getelementptr inbounds %struct.mallinfo, %struct.mallinfo* %minfo, i32 0, i32 7, !dbg !92
No entry in allocaInfo for Ptr:   %1 = bitcast %struct.mallinfo* %minfo to i8*, !dbg !88
No entry in allocaInfo for Ptr:   %_errno = getelementptr inbounds %struct._reent, %struct._reent* %r, i32 0, i32 0, !dbg !249
No entry in allocaInfo for Ptr: i8* %buffer
No entry in allocaInfo for Ptr: i8* %data
No entry in allocaInfo for Ptr:   %_errno = getelementptr inbounds %struct._reent, %struct._reent* %r, i32 0, i32 0, !dbg !247
No entry in allocaInfo for Ptr:   %_errno = getelementptr inbounds %struct._reent, %struct._reent* %r, i32 0, i32 0, !dbg !245
No entry in allocaInfo for Ptr:   %_errno = getelementptr inbounds %struct._reent, %struct._reent* %r, i32 0, i32 0, !dbg !247
No entry in allocaInfo for Ptr:   %_errno = getelementptr inbounds %struct._reent, %struct._reent* %r, i32 0, i32 0, !dbg !294
No entry in allocaInfo for Ptr:   %_errno = getelementptr inbounds %struct._reent, %struct._reent* %r, i32 0, i32 0, !dbg !294
No entry in allocaInfo for Ptr:   %_errno = getelementptr inbounds %struct._reent, %struct._reent* %r, i32 0, i32 0, !dbg !245
No entry in allocaInfo for Ptr:   %_errno = getelementptr inbounds %struct._reent, %struct._reent* %ptr, i32 0, i32 0, !dbg !246
No entry in allocaInfo for Ptr:   %_errno = getelementptr inbounds %struct._reent, %struct._reent* %r, i32 0, i32 0, !dbg !245
No entry in allocaInfo for Ptr:   %call = tail call i32* @__errno() #11, !dbg !76
No entry in allocaInfo for Ptr:   %_errno = getelementptr inbounds %struct._reent, %struct._reent* %ptr, i32 0, i32 0, !dbg !255
No entry in allocaInfo for Ptr: i8* %buffer
